Arguments: 
  C:\Program Files\nodejs\node.exe C:\Users\iraNmaNesh\AppData\Roaming\npm\node_modules\yarn\bin\yarn.js

PATH: 
  C:\Users\iraNmaNesh\bin;E:\Git\mingw64\bin;E:\Git\usr\local\bin;E:\Git\usr\bin;E:\Git\usr\bin;E:\Git\mingw64\bin;E:\Git\usr\bin;C:\Users\iraNmaNesh\bin;E:\vmvare\bin;C:\WINDOWS\system32;C:\WINDOWS;C:\WINDOWS\System32\Wbem;C:\WINDOWS\System32\WindowsPowerShell\v1.0;C:\WINDOWS\System32\OpenSSH;C:\Program Files\Microsoft SQL Server\130\Tools\Binn;C:\Program Files\nodejs;E:\Git\cmd;C:\Program Files\dotnet;C:\Users\iraNmaNesh\AppData\Local\Microsoft\WindowsApps;C:\Program Files\JetBrains\PhpStorm 2021.1.3\bin;C:\Users\iraNmaNesh\AppData\Local\Programs\Microsoft VS Code\bin;C:\Users\iraNmaNesh\AppData\Roaming\npm;E:\Git\usr\bin\vendor_perl;E:\Git\usr\bin\core_perl

Yarn version: 
  1.22.19

Node version: 
  16.14.2

Platform: 
  win32 x64

Trace: 
  Error: getaddrinfo EAI_AGAIN registry.yarnpkg.com
      at GetAddrInfoReqWrap.onlookup [as oncomplete] (node:dns:71:26)

npm manifest: 
  {
    "name": "password-",
    "version": "0.1.0",
    "private": true,
    "dependencies": {
      "enzyme": "^3.11.0",
      "enzyme-adapter-react-16": "^1.15.2",
      "react": "^16.12.0",
      "react-dom": "^16.12.0",
      "react-scripts": "^3.4.0",
      "zxcvbn": "^4.4.2"
    },
    "scripts": {
      "start": "react-scripts start",
      "build": "react-scripts build",
      "test": "react-scripts test",
      "eject": "react-scripts eject"
    },
    "eslintConfig": {
      "extends": "react-app"
    },
    "browserslist": {
      "production": [
        ">0.2%",
        "not dead",
        "not op_mini all"
      ],
      "development": [
        "last 1 chrome version",
        "last 1 firefox version",
        "last 1 safari version"
      ]
    },
    "devDependencies": {
      "@testing-library/dom": "^6.12.2",
      "@testing-library/react": "^9.3.2"
    }
  }

yarn manifest: 
  No manifest

Lockfile: 
  No lockfile
